C51 COMPILER V9.60.7.0   SCROLLING_LED                                                     01/15/2023 12:28:26 PAGE 1   


C51 COMPILER V9.60.7.0, COMPILATION OF MODULE SCROLLING_LED
OBJECT MODULE PLACED IN .\Objects\Scrolling LED.obj
COMPILER INVOKED BY: C:\Keil_v5\C51\BIN\C51.EXE Scrolling LED.c OPTIMIZE(8,SPEED) BROWSE DEBUG OBJECTEXTEND PRINT(.\List
                    -ings\Scrolling LED.lst) TABS(2) OBJECT(.\Objects\Scrolling LED.obj)

line level    source

   1          #include<reg51.h>
   2          #define Led P2
   3          void right(void);
   4          void left(void);
   5          void delay(void);
   6          unsigned int o;
   7          void right(void){
   8   1        for(o=0x80;o>=0x01;o>>=1){
   9   2          Led=o;
  10   2          delay();
  11   2        }
  12   1      }
  13          void left(void){
  14   1        for(o=0x01;o<=0x80;o<<=1){
  15   2          Led=o;
  16   2          delay();
  17   2        }
  18   1      }
  19          void delay(void){
  20   1        unsigned int i;
  21   1        for(i=0;i<=10000;i++);
  22   1      }
  23          void main(){
  24   1        right();
  25   1        left();
  26   1      }


MODULE INFORMATION:   STATIC OVERLAYABLE
   CODE SIZE        =     95    ----
   CONSTANT SIZE    =   ----    ----
   XDATA SIZE       =   ----    ----
   PDATA SIZE       =   ----    ----
   DATA SIZE        =      2    ----
   IDATA SIZE       =   ----    ----
   BIT SIZE         =   ----    ----
END OF MODULE INFORMATION.


C51 COMPILATION COMPLETE.  0 WARNING(S),  0 ERROR(S)
