C51 COMPILER V9.60.7.0   SWITCHING__LED                                                    01/14/2023 23:00:13 PAGE 1   


C51 COMPILER V9.60.7.0, COMPILATION OF MODULE SWITCHING__LED
OBJECT MODULE PLACED IN .\Objects\Switching  Led.obj
COMPILER INVOKED BY: C:\Keil_v5\C51\BIN\C51.EXE Switching  Led.c OPTIMIZE(8,SPEED) BROWSE DEBUG OBJECTEXTEND PRINT(.\Lis
                    -tings\Switching  Led.lst) TABS(2) OBJECT(.\Objects\Switching  Led.obj)

line level    source

   1          #include<reg51.h>
   2          #define Switch P0
   3          #define Led P2
   4          void main(){
   5   1        P0=0xFF;//input
   6   1        P2=0x00;//output
   7   1        while(1){
   8   2          Led = Switch;
   9   2        }
  10   1      }


MODULE INFORMATION:   STATIC OVERLAYABLE
   CODE SIZE        =     11    ----
   CONSTANT SIZE    =   ----    ----
   XDATA SIZE       =   ----    ----
   PDATA SIZE       =   ----    ----
   DATA SIZE        =   ----    ----
   IDATA SIZE       =   ----    ----
   BIT SIZE         =   ----    ----
END OF MODULE INFORMATION.


C51 COMPILATION COMPLETE.  0 WARNING(S),  0 ERROR(S)
