C51 COMPILER V9.60.7.0   LED_BLINKING_USING_8051                                           01/14/2023 22:48:50 PAGE 1   


C51 COMPILER V9.60.7.0, COMPILATION OF MODULE LED_BLINKING_USING_8051
OBJECT MODULE PLACED IN .\Objects\LED blinking using 8051.obj
COMPILER INVOKED BY: C:\Keil_v5\C51\BIN\C51.EXE LED blinking using 8051.c OPTIMIZE(8,SPEED) BROWSE DEBUG OBJECTEXTEND PR
                    -INT(.\Listings\LED blinking using 8051.lst) TABS(2) OBJECT(.\Objects\LED blinking using 8051.obj)

line level    source

   1          #include<reg51.h>
   2          #define Led P2
   3          void delay(void){
   4   1        unsigned int i;
   5   1        for(i=0;i<=10000;i++);
   6   1      }
   7          void main(){
   8   1        while(1){
   9   2        Led =0x00;//00000
  10   2        delay();
  11   2        Led=0xFF;//11111
  12   2        delay();
  13   2        }
  14   1      }


MODULE INFORMATION:   STATIC OVERLAYABLE
   CODE SIZE        =     29    ----
   CONSTANT SIZE    =   ----    ----
   XDATA SIZE       =   ----    ----
   PDATA SIZE       =   ----    ----
   DATA SIZE        =   ----    ----
   IDATA SIZE       =   ----    ----
   BIT SIZE         =   ----    ----
END OF MODULE INFORMATION.


C51 COMPILATION COMPLETE.  0 WARNING(S),  0 ERROR(S)
